<?xml version="1.0" encoding="UTF-8"?>
<testng-results ignored="0" total="2" passed="2" failed="0" skipped="0">
  <reporter-output>
  </reporter-output>
  <suite started-at="2023-09-07T22:14:31 IST" name="Simple CICD" finished-at="2023-09-07T22:14:31 IST" duration-ms="58">
    <groups>
    </groups>
    <test started-at="2023-09-07T22:14:31 IST" name="Testing CICD" finished-at="2023-09-07T22:14:31 IST" duration-ms="58">
      <class name="com.example.CICDPractice">
        <test-method signature="method1()[pri:0, instance:com.example.CICDPractice@48aaecc3]" started-at="2023-09-07T22:14:31 IST" name="method1" finished-at="2023-09-07T22:14:31 IST" duration-ms="8" status="PASS">
          <reporter-output>
          </reporter-output>
        </test-method> <!-- method1 -->
        <test-method signature="method2()[pri:0, instance:com.example.CICDPractice@48aaecc3]" started-at="2023-09-07T22:14:31 IST" name="method2" finished-at="2023-09-07T22:14:31 IST" duration-ms="0" status="PASS">
          <reporter-output>
          </reporter-output>
        </test-method> <!-- method2 -->
      </class> <!-- com.example.CICDPractice -->
    </test> <!-- Testing CICD -->
  </suite> <!-- Simple CICD -->
</testng-results>
